<?xml version="1.0" encoding="UTF-8"?>
<!-- Generated by org.testng.reporters.JUnitReportReporter -->
<testsuite hostname="Radhakrishnan" failures="0" tests="1" name="runner.MyRunner" time="32.306" errors="0" timestamp="2024-04-11T18:37:17 IST" skipped="0">
  <testcase classname="runner.MyRunner" name="runScenario" time="32.306"/>
</testsuite> <!-- runner.MyRunner -->
